# JRE version: Java(TM) SE Runtime Environment (8.0_121-b13) (build 1.8.0_121-b13)
# Java VM: Java HotSpot(TM) 64-Bit Server VM (25.121-b13 mixed mode windows-amd64 compressed oops)
Heap:
 PSYoungGen      total 425472K, used 132749K [0x00000000e0000000, 0x00000000ff680000, 0x0000000100000000)
  eden space 341504K, 24% used [0x00000000e0000000,0x00000000e530d868,0x00000000f4d80000)
  from space 83968K, 56% used [0x00000000fa480000,0x00000000fd315e20,0x00000000ff680000)
  to   space 86528K, 0% used [0x00000000f4d80000,0x00000000f4d80000,0x00000000fa200000)
 ParOldGen       total 359936K, used 259383K [0x00000000a0000000, 0x00000000b5f80000, 0x00000000e0000000)
  object space 359936K, 72% used [0x00000000a0000000,0x00000000afd4dcf8,0x00000000b5f80000)
 Metaspace       used 85437K, capacity 91698K, committed 93144K, reserved 1130496K
  class space    used 11004K, capacity 11792K, committed 12248K, reserved 1048576K
GC Heap History (10 events):
Event: 9355.088 GC heap before
{Heap before GC invocations=97 (full 9):
 PSYoungGen      total 422400K, used 360878K [0x00000000e0000000, 0x0000000100000000, 0x0000000100000000)
  eden space 320512K, 99% used [0x00000000e0000000,0x00000000f37fe2c0,0x00000000f3900000)
  from space 101888K, 40% used [0x00000000f3900000,0x00000000f616d7e8,0x00000000f9c80000)
  to   space 97792K, 0% used [0x00000000fa080000,0x00000000fa080000,0x0000000100000000)
 ParOldGen       total 359936K, used 194883K [0x00000000a0000000, 0x00000000b5f80000, 0x00000000e0000000)
  object space 359936K, 54% used [0x00000000a0000000,0x00000000abe50c10,0x00000000b5f80000)
 Metaspace       used 85313K, capacity 91522K, committed 93144K, reserved 1130496K
  class space    used 10988K, capacity 11776K, committed 12248K, reserved 1048576K
Event: 9355.131 GC heap after
Heap after GC invocations=97 (full 9):
 PSYoungGen      total 414208K, used 27209K [0x00000000e0000000, 0x00000000ff800000, 0x0000000100000000)
  eden space 324608K, 0% used [0x00000000e0000000,0x00000000e0000000,0x00000000f3d00000)
  from space 89600K, 30% used [0x00000000fa080000,0x00000000fbb126e0,0x00000000ff800000)
  to   space 95744K, 0% used [0x00000000f3d00000,0x00000000f3d00000,0x00000000f9a80000)
 ParOldGen       total 359936K, used 213635K [0x00000000a0000000, 0x00000000b5f80000, 0x00000000e0000000)
  object space 359936K, 59% used [0x00000000a0000000,0x00000000ad0a0c70,0x00000000b5f80000)
 Metaspace       used 85313K, capacity 91522K, committed 93144K, reserved 1130496K
  class space    used 10988K, capacity 11776K, committed 12248K, reserved 1048576K
}
Event: 9407.070 GC heap before
{Heap before GC invocations=98 (full 9):
 PSYoungGen      total 414208K, used 351817K [0x00000000e0000000, 0x00000000ff800000, 0x0000000100000000)
  eden space 324608K, 100% used [0x00000000e0000000,0x00000000f3d00000,0x00000000f3d00000)
  from space 89600K, 30% used [0x00000000fa080000,0x00000000fbb126e0,0x00000000ff800000)
  to   space 95744K, 0% used [0x00000000f3d00000,0x00000000f3d00000,0x00000000f9a80000)
 ParOldGen       total 359936K, used 213635K [0x00000000a0000000, 0x00000000b5f80000, 0x00000000e0000000)
  object space 359936K, 59% used [0x00000000a0000000,0x00000000ad0a0c70,0x00000000b5f80000)
 Metaspace       used 85373K, capacity 91610K, committed 93144K, reserved 1130496K
  class space    used 10996K, capacity 11784K, committed 12248K, reserved 1048576K
Event: 9407.114 GC heap after
Heap after GC invocations=98 (full 9):
 PSYoungGen      total 420352K, used 45598K [0x00000000e0000000, 0x00000000ffd00000, 0x0000000100000000)
  eden space 324608K, 0% used [0x00000000e0000000,0x00000000e0000000,0x00000000f3d00000)
  from space 95744K, 47% used [0x00000000f3d00000,0x00000000f6987a00,0x00000000f9a80000)
  to   space 91136K, 0% used [0x00000000fa400000,0x00000000fa400000,0x00000000ffd00000)
 ParOldGen       total 359936K, used 215963K [0x00000000a0000000, 0x00000000b5f80000, 0x00000000e0000000)
  object space 359936K, 60% used [0x00000000a0000000,0x00000000ad2e6ca0,0x00000000b5f80000)
 Metaspace       used 85373K, capacity 91610K, committed 93144K, reserved 1130496K
  class space    used 10996K, capacity 11784K, committed 12248K, reserved 1048576K
}
Event: 9408.438 GC heap before
{Heap before GC invocations=99 (full 9):
 PSYoungGen      total 420352K, used 370206K [0x00000000e0000000, 0x00000000ffd00000, 0x0000000100000000)
  eden space 324608K, 100% used [0x00000000e0000000,0x00000000f3d00000,0x00000000f3d00000)
  from space 95744K, 47% used [0x00000000f3d00000,0x00000000f6987a00,0x00000000f9a80000)
  to   space 91136K, 0% used [0x00000000fa400000,0x00000000fa400000,0x00000000ffd00000)
 ParOldGen       total 359936K, used 215963K [0x00000000a0000000, 0x00000000b5f80000, 0x00000000e0000000)
  object space 359936K, 60% used [0x00000000a0000000,0x00000000ad2e6ca0,0x00000000b5f80000)
 Metaspace       used 85373K, capacity 91610K, committed 93144K, reserved 1130496K
  class space    used 10996K, capacity 11784K, committed 12248K, reserved 1048576K
Event: 9408.539 GC heap after
Heap after GC invocations=99 (full 9):
 PSYoungGen      total 428544K, used 61026K [0x00000000e0000000, 0x00000000ffe80000, 0x0000000100000000)
  eden space 337408K, 0% used [0x00000000e0000000,0x00000000e0000000,0x00000000f4980000)
  from space 91136K, 66% used [0x00000000fa400000,0x00000000fdf98aa8,0x00000000ffd00000)
  to   space 92672K, 0% used [0x00000000f4980000,0x00000000f4980000,0x00000000fa400000)
 ParOldGen       total 359936K, used 245719K [0x00000000a0000000, 0x00000000b5f80000, 0x00000000e0000000)
  object space 359936K, 68% used [0x00000000a0000000,0x00000000aeff5cb8,0x00000000b5f80000)
 Metaspace       used 85373K, capacity 91610K, committed 93144K, reserved 1130496K
  class space    used 10996K, capacity 11784K, committed 12248K, reserved 1048576K
}
Event: 9538.129 GC heap before
{Heap before GC invocations=100 (full 9):
 PSYoungGen      total 428544K, used 398434K [0x00000000e0000000, 0x00000000ffe80000, 0x0000000100000000)
  eden space 337408K, 100% used [0x00000000e0000000,0x00000000f4980000,0x00000000f4980000)
  from space 91136K, 66% used [0x00000000fa400000,0x00000000fdf98aa8,0x00000000ffd00000)
  to   space 92672K, 0% used [0x00000000f4980000,0x00000000f4980000,0x00000000fa400000)
 ParOldGen       total 359936K, used 245719K [0x00000000a0000000, 0x00000000b5f80000, 0x00000000e0000000)
  object space 359936K, 68% used [0x00000000a0000000,0x00000000aeff5cb8,0x00000000b5f80000)
 Metaspace       used 85422K, capacity 91698K, committed 93144K, reserved 1130496K
  class space    used 11004K, capacity 11792K, committed 12248K, reserved 1048576K
Event: 9538.219 GC heap after
Heap after GC invocations=100 (full 9):
 PSYoungGen      total 430080K, used 34169K [0x00000000e0000000, 0x00000000ffc80000, 0x0000000100000000)
  eden space 337408K, 0% used [0x00000000e0000000,0x00000000e0000000,0x00000000f4980000)
  from space 92672K, 36% used [0x00000000f4980000,0x00000000f6ade640,0x00000000fa400000)
  to   space 90112K, 0% used [0x00000000fa480000,0x00000000fa480000,0x00000000ffc80000)
 ParOldGen       total 359936K, used 245759K [0x00000000a0000000, 0x00000000b5f80000, 0x00000000e0000000)
  object space 359936K, 68% used [0x00000000a0000000,0x00000000aefffcb8,0x00000000b5f80000)
 Metaspace       used 85422K, capacity 91698K, committed 93144K, reserved 1130496K
  class space    used 11004K, capacity 11792K, committed 12248K, reserved 1048576K
}
Event: 9539.864 GC heap before
{Heap before GC invocations=101 (full 9):
 PSYoungGen      total 430080K, used 371577K [0x00000000e0000000, 0x00000000ffc80000, 0x0000000100000000)
  eden space 337408K, 100% used [0x00000000e0000000,0x00000000f4980000,0x00000000f4980000)
  from space 92672K, 36% used [0x00000000f4980000,0x00000000f6ade640,0x00000000fa400000)
  to   space 90112K, 0% used [0x00000000fa480000,0x00000000fa480000,0x00000000ffc80000)
 ParOldGen       total 359936K, used 245759K [0x00000000a0000000, 0x00000000b5f80000, 0x00000000e0000000)
  object space 359936K, 68% used [0x00000000a0000000,0x00000000aefffcb8,0x00000000b5f80000)
 Metaspace       used 85437K, capacity 91698K, committed 93144K, reserved 1130496K
  class space    used 11004K, capacity 11792K, committed 12248K, reserved 1048576K
Event: 9539.970 GC heap after
Heap after GC invocations=101 (full 9):
 PSYoungGen      total 425472K, used 47703K [0x00000000e0000000, 0x00000000ff680000, 0x0000000100000000)
  eden space 341504K, 0% used [0x00000000e0000000,0x00000000e0000000,0x00000000f4d80000)
  from space 83968K, 56% used [0x00000000fa480000,0x00000000fd315e20,0x00000000ff680000)
  to   space 86528K, 0% used [0x00000000f4d80000,0x00000000f4d80000,0x00000000fa200000)
 ParOldGen       total 359936K, used 259383K [0x00000000a0000000, 0x00000000b5f80000, 0x00000000e0000000)
  object space 359936K, 72% used [0x00000000a0000000,0x00000000afd4dcf8,0x00000000b5f80000)
 Metaspace       used 85437K, capacity 91698K, committed 93144K, reserved 1130496K
  class space    used 11004K, capacity 11792K, committed 12248K, reserved 1048576K
}

