# JRE version: OpenJDK Runtime Environment (8.0_112-b06) (build 1.8.0_112-release-b06)
# Java VM: OpenJDK 64-Bit Server VM (25.112-b06 mixed mode windows-amd64 compressed oops)
Heap:
 PSYoungGen      total 136704K, used 51156K [0x00000000e0000000, 0x00000000ec300000, 0x0000000100000000)
  eden space 121856K, 29% used [0x00000000e0000000,0x00000000e2379768,0x00000000e7700000)
  from space 14848K, 99% used [0x00000000e7700000,0x00000000e857b8d0,0x00000000e8580000)
  to   space 23040K, 0% used [0x00000000eac80000,0x00000000eac80000,0x00000000ec300000)
 ParOldGen       total 82432K, used 37109K [0x00000000a0000000, 0x00000000a5080000, 0x00000000e0000000)
  object space 82432K, 45% used [0x00000000a0000000,0x00000000a243d678,0x00000000a5080000)
 Metaspace       used 55972K, capacity 57540K, committed 57856K, reserved 1099776K
  class space    used 7457K, capacity 7811K, committed 7936K, reserved 1048576K
GC Heap History (10 events):
Event: 8.398 GC heap before
{Heap before GC invocations=9 (full 1):
 PSYoungGen      total 105472K, used 89502K [0x00000000e0000000, 0x00000000e7780000, 0x0000000100000000)
  eden space 96256K, 85% used [0x00000000e0000000,0x00000000e509be08,0x00000000e5e00000)
  from space 9216K, 75% used [0x00000000e5e00000,0x00000000e64cbab0,0x00000000e6700000)
  to   space 9216K, 0% used [0x00000000e6e80000,0x00000000e6e80000,0x00000000e7780000)
 ParOldGen       total 51712K, used 8997K [0x00000000a0000000, 0x00000000a3280000, 0x00000000e0000000)
  object space 51712K, 17% used [0x00000000a0000000,0x00000000a08c96f0,0x00000000a3280000)
 Metaspace       used 34863K, capacity 35386K, committed 35496K, reserved 1079296K
  class space    used 4657K, capacity 4847K, committed 4864K, reserved 1048576K
Event: 8.416 GC heap after
Heap after GC invocations=9 (full 1):
 PSYoungGen      total 110592K, used 9213K [0x00000000e0000000, 0x00000000e9980000, 0x0000000100000000)
  eden space 101376K, 0% used [0x00000000e0000000,0x00000000e0000000,0x00000000e6300000)
  from space 9216K, 99% used [0x00000000e6e80000,0x00000000e777f668,0x00000000e7780000)
  to   space 11776K, 0% used [0x00000000e6300000,0x00000000e6300000,0x00000000e6e80000)
 ParOldGen       total 51712K, used 11909K [0x00000000a0000000, 0x00000000a3280000, 0x00000000e0000000)
  object space 51712K, 23% used [0x00000000a0000000,0x00000000a0ba1790,0x00000000a3280000)
 Metaspace       used 34863K, capacity 35386K, committed 35496K, reserved 1079296K
  class space    used 4657K, capacity 4847K, committed 4864K, reserved 1048576K
}
Event: 8.416 GC heap before
{Heap before GC invocations=10 (full 2):
 PSYoungGen      total 110592K, used 9213K [0x00000000e0000000, 0x00000000e9980000, 0x0000000100000000)
  eden space 101376K, 0% used [0x00000000e0000000,0x00000000e0000000,0x00000000e6300000)
  from space 9216K, 99% used [0x00000000e6e80000,0x00000000e777f668,0x00000000e7780000)
  to   space 11776K, 0% used [0x00000000e6300000,0x00000000e6300000,0x00000000e6e80000)
 ParOldGen       total 51712K, used 11909K [0x00000000a0000000, 0x00000000a3280000, 0x00000000e0000000)
  object space 51712K, 23% used [0x00000000a0000000,0x00000000a0ba1790,0x00000000a3280000)
 Metaspace       used 34863K, capacity 35386K, committed 35496K, reserved 1079296K
  class space    used 4657K, capacity 4847K, committed 4864K, reserved 1048576K
Event: 8.505 GC heap after
Heap after GC invocations=10 (full 2):
 PSYoungGen      total 110592K, used 0K [0x00000000e0000000, 0x00000000e9980000, 0x0000000100000000)
  eden space 101376K, 0% used [0x00000000e0000000,0x00000000e0000000,0x00000000e6300000)
  from space 9216K, 0% used [0x00000000e6e80000,0x00000000e6e80000,0x00000000e7780000)
  to   space 11776K, 0% used [0x00000000e6300000,0x00000000e6300000,0x00000000e6e80000)
 ParOldGen       total 82432K, used 18210K [0x00000000a0000000, 0x00000000a5080000, 0x00000000e0000000)
  object space 82432K, 22% used [0x00000000a0000000,0x00000000a11c8a68,0x00000000a5080000)
 Metaspace       used 34863K, capacity 35386K, committed 35496K, reserved 1079296K
  class space    used 4657K, capacity 4847K, committed 4864K, reserved 1048576K
}
Event: 11.283 GC heap before
{Heap before GC invocations=11 (full 2):
 PSYoungGen      total 110592K, used 101376K [0x00000000e0000000, 0x00000000e9980000, 0x0000000100000000)
  eden space 101376K, 100% used [0x00000000e0000000,0x00000000e6300000,0x00000000e6300000)
  from space 9216K, 0% used [0x00000000e6e80000,0x00000000e6e80000,0x00000000e7780000)
  to   space 11776K, 0% used [0x00000000e6300000,0x00000000e6300000,0x00000000e6e80000)
 ParOldGen       total 82432K, used 18210K [0x00000000a0000000, 0x00000000a5080000, 0x00000000e0000000)
  object space 82432K, 22% used [0x00000000a0000000,0x00000000a11c8a68,0x00000000a5080000)
 Metaspace       used 42091K, capacity 42868K, committed 43008K, reserved 1087488K
  class space    used 5629K, capacity 5847K, committed 5888K, reserved 1048576K
Event: 11.293 GC heap after
Heap after GC invocations=11 (full 2):
 PSYoungGen      total 113152K, used 10032K [0x00000000e0000000, 0x00000000e9180000, 0x0000000100000000)
  eden space 101376K, 0% used [0x00000000e0000000,0x00000000e0000000,0x00000000e6300000)
  from space 11776K, 85% used [0x00000000e6300000,0x00000000e6ccc2d8,0x00000000e6e80000)
  to   space 12288K, 0% used [0x00000000e8580000,0x00000000e8580000,0x00000000e9180000)
 ParOldGen       total 82432K, used 18218K [0x00000000a0000000, 0x00000000a5080000, 0x00000000e0000000)
  object space 82432K, 22% used [0x00000000a0000000,0x00000000a11caa68,0x00000000a5080000)
 Metaspace       used 42091K, capacity 42868K, committed 43008K, reserved 1087488K
  class space    used 5629K, capacity 5847K, committed 5888K, reserved 1048576K
}
Event: 13.161 GC heap before
{Heap before GC invocations=12 (full 2):
 PSYoungGen      total 113152K, used 111408K [0x00000000e0000000, 0x00000000e9180000, 0x0000000100000000)
  eden space 101376K, 100% used [0x00000000e0000000,0x00000000e6300000,0x00000000e6300000)
  from space 11776K, 85% used [0x00000000e6300000,0x00000000e6ccc2d8,0x00000000e6e80000)
  to   space 12288K, 0% used [0x00000000e8580000,0x00000000e8580000,0x00000000e9180000)
 ParOldGen       total 82432K, used 18218K [0x00000000a0000000, 0x00000000a5080000, 0x00000000e0000000)
  object space 82432K, 22% used [0x00000000a0000000,0x00000000a11caa68,0x00000000a5080000)
 Metaspace       used 46491K, capacity 47838K, committed 48128K, reserved 1091584K
  class space    used 6280K, capacity 6574K, committed 6656K, reserved 1048576K
Event: 13.186 GC heap after
Heap after GC invocations=12 (full 2):
 PSYoungGen      total 134144K, used 12287K [0x00000000e0000000, 0x00000000e9780000, 0x0000000100000000)
  eden space 121856K, 0% used [0x00000000e0000000,0x00000000e0000000,0x00000000e7700000)
  from space 12288K, 99% used [0x00000000e8580000,0x00000000e917ffb8,0x00000000e9180000)
  to   space 14848K, 0% used [0x00000000e7700000,0x00000000e7700000,0x00000000e8580000)
 ParOldGen       total 82432K, used 21079K [0x00000000a0000000, 0x00000000a5080000, 0x00000000e0000000)
  object space 82432K, 25% used [0x00000000a0000000,0x00000000a1495fd0,0x00000000a5080000)
 Metaspace       used 46491K, capacity 47838K, committed 48128K, reserved 1091584K
  class space    used 6280K, capacity 6574K, committed 6656K, reserved 1048576K
}
Event: 15.453 GC heap before
{Heap before GC invocations=13 (full 2):
 PSYoungGen      total 134144K, used 134143K [0x00000000e0000000, 0x00000000e9780000, 0x0000000100000000)
  eden space 121856K, 100% used [0x00000000e0000000,0x00000000e7700000,0x00000000e7700000)
  from space 12288K, 99% used [0x00000000e8580000,0x00000000e917ffb8,0x00000000e9180000)
  to   space 14848K, 0% used [0x00000000e7700000,0x00000000e7700000,0x00000000e8580000)
 ParOldGen       total 82432K, used 21079K [0x00000000a0000000, 0x00000000a5080000, 0x00000000e0000000)
  object space 82432K, 25% used [0x00000000a0000000,0x00000000a1495fd0,0x00000000a5080000)
 Metaspace       used 54597K, capacity 56164K, committed 56448K, reserved 1097728K
  class space    used 7358K, capacity 7715K, committed 7808K, reserved 1048576K
Event: 15.498 GC heap after
Heap after GC invocations=13 (full 2):
 PSYoungGen      total 136704K, used 14830K [0x00000000e0000000, 0x00000000ec300000, 0x0000000100000000)
  eden space 121856K, 0% used [0x00000000e0000000,0x00000000e0000000,0x00000000e7700000)
  from space 14848K, 99% used [0x00000000e7700000,0x00000000e857b8d0,0x00000000e8580000)
  to   space 23040K, 0% used [0x00000000eac80000,0x00000000eac80000,0x00000000ec300000)
 ParOldGen       total 82432K, used 37109K [0x00000000a0000000, 0x00000000a5080000, 0x00000000e0000000)
  object space 82432K, 45% used [0x00000000a0000000,0x00000000a243d678,0x00000000a5080000)
 Metaspace       used 54597K, capacity 56164K, committed 56448K, reserved 1097728K
  class space    used 7358K, capacity 7715K, committed 7808K, reserved 1048576K
}

