# JRE version: OpenJDK Runtime Environment (8.0_112-b06) (build 1.8.0_112-release-b06)
# Java VM: OpenJDK 64-Bit Server VM (25.112-b06 mixed mode windows-amd64 compressed oops)
Heap:
 PSYoungGen      total 139264K, used 112987K [0x00000000e0000000, 0x00000000eae00000, 0x0000000100000000)
  eden space 104960K, 99% used [0x00000000e0000000,0x00000000e667eef8,0x00000000e6680000)
  from space 34304K, 23% used [0x00000000e6680000,0x00000000e6e57f78,0x00000000e8800000)
  to   space 33280K, 33% used [0x00000000e8d80000,0x00000000e985f138,0x00000000eae00000)
 ParOldGen       total 128000K, used 41365K [0x00000000a0000000, 0x00000000a7d00000, 0x00000000e0000000)
  object space 128000K, 32% used [0x00000000a0000000,0x00000000a2865678,0x00000000a7d00000)
 Metaspace       used 72028K, capacity 77438K, committed 77568K, reserved 1118208K
  class space    used 8968K, capacity 9670K, committed 9728K, reserved 1048576K
GC Heap History (10 events):
Event: 3854.603 GC heap after
Heap after GC invocations=46 (full 3):
 PSYoungGen      total 121856K, used 20524K [0x00000000e0000000, 0x00000000e9d00000, 0x0000000100000000)
  eden space 93696K, 0% used [0x00000000e0000000,0x00000000e0000000,0x00000000e5b80000)
  from space 28160K, 72% used [0x00000000e5b80000,0x00000000e6f8b348,0x00000000e7700000)
  to   space 29696K, 0% used [0x00000000e8000000,0x00000000e8000000,0x00000000e9d00000)
 ParOldGen       total 128000K, used 40841K [0x00000000a0000000, 0x00000000a7d00000, 0x00000000e0000000)
  object space 128000K, 31% used [0x00000000a0000000,0x00000000a27e2630,0x00000000a7d00000)
 Metaspace       used 71772K, capacity 77028K, committed 77312K, reserved 1116160K
  class space    used 8949K, capacity 9649K, committed 9728K, reserved 1048576K
}
Event: 3855.074 GC heap before
{Heap before GC invocations=47 (full 3):
 PSYoungGen      total 121856K, used 114220K [0x00000000e0000000, 0x00000000e9d00000, 0x0000000100000000)
  eden space 93696K, 100% used [0x00000000e0000000,0x00000000e5b80000,0x00000000e5b80000)
  from space 28160K, 72% used [0x00000000e5b80000,0x00000000e6f8b348,0x00000000e7700000)
  to   space 29696K, 0% used [0x00000000e8000000,0x00000000e8000000,0x00000000e9d00000)
 ParOldGen       total 128000K, used 40841K [0x00000000a0000000, 0x00000000a7d00000, 0x00000000e0000000)
  object space 128000K, 31% used [0x00000000a0000000,0x00000000a27e2630,0x00000000a7d00000)
 Metaspace       used 71791K, capacity 77096K, committed 77312K, reserved 1116160K
  class space    used 8949K, capacity 9649K, committed 9728K, reserved 1048576K
Event: 3855.081 GC heap after
Heap after GC invocations=47 (full 3):
 PSYoungGen      total 130048K, used 5395K [0x00000000e0000000, 0x00000000e9c00000, 0x0000000100000000)
  eden space 101376K, 0% used [0x00000000e0000000,0x00000000e0000000,0x00000000e6300000)
  from space 28672K, 18% used [0x00000000e8000000,0x00000000e8544fb8,0x00000000e9c00000)
  to   space 29184K, 0% used [0x00000000e6300000,0x00000000e6300000,0x00000000e7f80000)
 ParOldGen       total 128000K, used 40897K [0x00000000a0000000, 0x00000000a7d00000, 0x00000000e0000000)
  object space 128000K, 31% used [0x00000000a0000000,0x00000000a27f0630,0x00000000a7d00000)
 Metaspace       used 71791K, capacity 77096K, committed 77312K, reserved 1116160K
  class space    used 8949K, capacity 9649K, committed 9728K, reserved 1048576K
}
Event: 4257.153 GC heap before
{Heap before GC invocations=48 (full 3):
 PSYoungGen      total 130048K, used 105332K [0x00000000e0000000, 0x00000000e9c00000, 0x0000000100000000)
  eden space 101376K, 98% used [0x00000000e0000000,0x00000000e61982e8,0x00000000e6300000)
  from space 28672K, 18% used [0x00000000e8000000,0x00000000e8544fb8,0x00000000e9c00000)
  to   space 29184K, 0% used [0x00000000e6300000,0x00000000e6300000,0x00000000e7f80000)
 ParOldGen       total 128000K, used 40897K [0x00000000a0000000, 0x00000000a7d00000, 0x00000000e0000000)
  object space 128000K, 31% used [0x00000000a0000000,0x00000000a27f0630,0x00000000a7d00000)
 Metaspace       used 71892K, capacity 77278K, committed 77568K, reserved 1118208K
  class space    used 8960K, capacity 9662K, committed 9728K, reserved 1048576K
Event: 4257.175 GC heap after
Heap after GC invocations=48 (full 3):
 PSYoungGen      total 130560K, used 21257K [0x00000000e0000000, 0x00000000ea680000, 0x0000000100000000)
  eden space 101376K, 0% used [0x00000000e0000000,0x00000000e0000000,0x00000000e6300000)
  from space 29184K, 72% used [0x00000000e6300000,0x00000000e77c24b0,0x00000000e7f80000)
  to   space 31232K, 0% used [0x00000000e8800000,0x00000000e8800000,0x00000000ea680000)
 ParOldGen       total 128000K, used 40953K [0x00000000a0000000, 0x00000000a7d00000, 0x00000000e0000000)
  object space 128000K, 31% used [0x00000000a0000000,0x00000000a27fe630,0x00000000a7d00000)
 Metaspace       used 71892K, capacity 77278K, committed 77568K, reserved 1118208K
  class space    used 8960K, capacity 9662K, committed 9728K, reserved 1048576K
}
Event: 4258.125 GC heap before
{Heap before GC invocations=49 (full 3):
 PSYoungGen      total 130560K, used 122633K [0x00000000e0000000, 0x00000000ea680000, 0x0000000100000000)
  eden space 101376K, 100% used [0x00000000e0000000,0x00000000e6300000,0x00000000e6300000)
  from space 29184K, 72% used [0x00000000e6300000,0x00000000e77c24b0,0x00000000e7f80000)
  to   space 31232K, 0% used [0x00000000e8800000,0x00000000e8800000,0x00000000ea680000)
 ParOldGen       total 128000K, used 40953K [0x00000000a0000000, 0x00000000a7d00000, 0x00000000e0000000)
  object space 128000K, 31% used [0x00000000a0000000,0x00000000a27fe630,0x00000000a7d00000)
 Metaspace       used 71941K, capacity 77350K, committed 77568K, reserved 1118208K
  class space    used 8961K, capacity 9662K, committed 9728K, reserved 1048576K
Event: 4258.149 GC heap after
Heap after GC invocations=49 (full 3):
 PSYoungGen      total 136192K, used 25679K [0x00000000e0000000, 0x00000000eae00000, 0x0000000100000000)
  eden space 104960K, 0% used [0x00000000e0000000,0x00000000e0000000,0x00000000e6680000)
  from space 31232K, 82% used [0x00000000e8800000,0x00000000ea113d58,0x00000000ea680000)
  to   space 34304K, 0% used [0x00000000e6680000,0x00000000e6680000,0x00000000e8800000)
 ParOldGen       total 128000K, used 40985K [0x00000000a0000000, 0x00000000a7d00000, 0x00000000e0000000)
  object space 128000K, 32% used [0x00000000a0000000,0x00000000a2806630,0x00000000a7d00000)
 Metaspace       used 71941K, capacity 77350K, committed 77568K, reserved 1118208K
  class space    used 8961K, capacity 9662K, committed 9728K, reserved 1048576K
}
Event: 4661.669 GC heap before
{Heap before GC invocations=50 (full 3):
 PSYoungGen      total 136192K, used 130639K [0x00000000e0000000, 0x00000000eae00000, 0x0000000100000000)
  eden space 104960K, 100% used [0x00000000e0000000,0x00000000e6680000,0x00000000e6680000)
  from space 31232K, 82% used [0x00000000e8800000,0x00000000ea113d58,0x00000000ea680000)
  to   space 34304K, 0% used [0x00000000e6680000,0x00000000e6680000,0x00000000e8800000)
 ParOldGen       total 128000K, used 40985K [0x00000000a0000000, 0x00000000a7d00000, 0x00000000e0000000)
  object space 128000K, 32% used [0x00000000a0000000,0x00000000a2806630,0x00000000a7d00000)
 Metaspace       used 72002K, capacity 77438K, committed 77568K, reserved 1118208K
  class space    used 8968K, capacity 9670K, committed 9728K, reserved 1048576K
Event: 4661.678 GC heap after
Heap after GC invocations=50 (full 3):
 PSYoungGen      total 139264K, used 8031K [0x00000000e0000000, 0x00000000eae00000, 0x0000000100000000)
  eden space 104960K, 0% used [0x00000000e0000000,0x00000000e0000000,0x00000000e6680000)
  from space 34304K, 23% used [0x00000000e6680000,0x00000000e6e57f78,0x00000000e8800000)
  to   space 33280K, 0% used [0x00000000e8d80000,0x00000000e8d80000,0x00000000eae00000)
 ParOldGen       total 128000K, used 41057K [0x00000000a0000000, 0x00000000a7d00000, 0x00000000e0000000)
  object space 128000K, 32% used [0x00000000a0000000,0x00000000a2818630,0x00000000a7d00000)
 Metaspace       used 72002K, capacity 77438K, committed 77568K, reserved 1118208K
  class space    used 8968K, capacity 9670K, committed 9728K, reserved 1048576K
}
Event: 4663.163 GC heap before
{Heap before GC invocations=51 (full 3):
 PSYoungGen      total 139264K, used 112987K [0x00000000e0000000, 0x00000000eae00000, 0x0000000100000000)
  eden space 104960K, 99% used [0x00000000e0000000,0x00000000e667eef8,0x00000000e6680000)
  from space 34304K, 23% used [0x00000000e6680000,0x00000000e6e57f78,0x00000000e8800000)
  to   space 33280K, 0% used [0x00000000e8d80000,0x00000000e8d80000,0x00000000eae00000)
 ParOldGen       total 128000K, used 41057K [0x00000000a0000000, 0x00000000a7d00000, 0x00000000e0000000)
  object space 128000K, 32% used [0x00000000a0000000,0x00000000a2818630,0x00000000a7d00000)
 Metaspace       used 72028K, capacity 77438K, committed 77568K, reserved 1118208K
  class space    used 8968K, capacity 9670K, committed 9728K, reserved 1048576K

