# JRE version: OpenJDK Runtime Environment (8.0_112-b06) (build 1.8.0_112-release-b06)
# Java VM: OpenJDK 64-Bit Server VM (25.112-b06 mixed mode windows-amd64 compressed oops)
Heap:
 PSYoungGen      total 150528K, used 107900K [0x00000000e0000000, 0x00000000ec780000, 0x0000000100000000)
  eden space 133120K, 68% used [0x00000000e0000000,0x00000000e58c22d0,0x00000000e8200000)
  from space 17408K, 97% used [0x00000000eb680000,0x00000000ec71ce68,0x00000000ec780000)
  to   space 27136K, 0% used [0x00000000e9280000,0x00000000e9280000,0x00000000ead00000)
 ParOldGen       total 132608K, used 48548K [0x00000000a0000000, 0x00000000a8180000, 0x00000000e0000000)
  object space 132608K, 36% used [0x00000000a0000000,0x00000000a2f693b0,0x00000000a8180000)
 Metaspace       used 70192K, capacity 73138K, committed 73304K, reserved 1112064K
  class space    used 9176K, capacity 9756K, committed 9816K, reserved 1048576K
GC Heap History (10 events):
Event: 29.284 GC heap before
{Heap before GC invocations=19 (full 2):
 PSYoungGen      total 134144K, used 111919K [0x00000000e0000000, 0x00000000ea480000, 0x0000000100000000)
  eden space 114688K, 80% used [0x00000000e0000000,0x00000000e5a4bda0,0x00000000e7000000)
  from space 19456K, 100% used [0x00000000e8880000,0x00000000e9b80000,0x00000000e9b80000)
  to   space 25088K, 0% used [0x00000000e7000000,0x00000000e7000000,0x00000000e8880000)
 ParOldGen       total 80896K, used 32118K [0x00000000a0000000, 0x00000000a4f00000, 0x00000000e0000000)
  object space 80896K, 39% used [0x00000000a0000000,0x00000000a1f5da78,0x00000000a4f00000)
 Metaspace       used 56641K, capacity 58960K, committed 59028K, reserved 1099776K
  class space    used 7669K, capacity 8151K, committed 8152K, reserved 1048576K
Event: 29.318 GC heap after
Heap after GC invocations=19 (full 2):
 PSYoungGen      total 139776K, used 22792K [0x00000000e0000000, 0x00000000ec180000, 0x0000000100000000)
  eden space 114688K, 0% used [0x00000000e0000000,0x00000000e0000000,0x00000000e7000000)
  from space 25088K, 90% used [0x00000000e7000000,0x00000000e86423c8,0x00000000e8880000)
  to   space 28160K, 0% used [0x00000000ea600000,0x00000000ea600000,0x00000000ec180000)
 ParOldGen       total 80896K, used 35942K [0x00000000a0000000, 0x00000000a4f00000, 0x00000000e0000000)
  object space 80896K, 44% used [0x00000000a0000000,0x00000000a2319a78,0x00000000a4f00000)
 Metaspace       used 56641K, capacity 58960K, committed 59028K, reserved 1099776K
  class space    used 7669K, capacity 8151K, committed 8152K, reserved 1048576K
}
Event: 29.318 GC heap before
{Heap before GC invocations=20 (full 3):
 PSYoungGen      total 139776K, used 22792K [0x00000000e0000000, 0x00000000ec180000, 0x0000000100000000)
  eden space 114688K, 0% used [0x00000000e0000000,0x00000000e0000000,0x00000000e7000000)
  from space 25088K, 90% used [0x00000000e7000000,0x00000000e86423c8,0x00000000e8880000)
  to   space 28160K, 0% used [0x00000000ea600000,0x00000000ea600000,0x00000000ec180000)
 ParOldGen       total 80896K, used 35942K [0x00000000a0000000, 0x00000000a4f00000, 0x00000000e0000000)
  object space 80896K, 44% used [0x00000000a0000000,0x00000000a2319a78,0x00000000a4f00000)
 Metaspace       used 56641K, capacity 58960K, committed 59028K, reserved 1099776K
  class space    used 7669K, capacity 8151K, committed 8152K, reserved 1048576K
Event: 29.556 GC heap after
Heap after GC invocations=20 (full 3):
 PSYoungGen      total 139776K, used 0K [0x00000000e0000000, 0x00000000ec180000, 0x0000000100000000)
  eden space 114688K, 0% used [0x00000000e0000000,0x00000000e0000000,0x00000000e7000000)
  from space 25088K, 0% used [0x00000000e7000000,0x00000000e7000000,0x00000000e8880000)
  to   space 28160K, 0% used [0x00000000ea600000,0x00000000ea600000,0x00000000ec180000)
 ParOldGen       total 132608K, used 48524K [0x00000000a0000000, 0x00000000a8180000, 0x00000000e0000000)
  object space 132608K, 36% used [0x00000000a0000000,0x00000000a2f633b0,0x00000000a8180000)
 Metaspace       used 56641K, capacity 58960K, committed 59028K, reserved 1099776K
  class space    used 7669K, capacity 8151K, committed 8152K, reserved 1048576K
}
Event: 2050.053 GC heap before
{Heap before GC invocations=21 (full 3):
 PSYoungGen      total 139776K, used 114688K [0x00000000e0000000, 0x00000000ec180000, 0x0000000100000000)
  eden space 114688K, 100% used [0x00000000e0000000,0x00000000e7000000,0x00000000e7000000)
  from space 25088K, 0% used [0x00000000e7000000,0x00000000e7000000,0x00000000e8880000)
  to   space 28160K, 0% used [0x00000000ea600000,0x00000000ea600000,0x00000000ec180000)
 ParOldGen       total 132608K, used 48524K [0x00000000a0000000, 0x00000000a8180000, 0x00000000e0000000)
  object space 132608K, 36% used [0x00000000a0000000,0x00000000a2f633b0,0x00000000a8180000)
 Metaspace       used 58139K, capacity 60674K, committed 60888K, reserved 1101824K
  class space    used 7847K, capacity 8366K, committed 8408K, reserved 1048576K
Event: 2050.099 GC heap after
Heap after GC invocations=21 (full 3):
 PSYoungGen      total 159744K, used 4641K [0x00000000e0000000, 0x00000000ebc00000, 0x0000000100000000)
  eden space 137216K, 0% used [0x00000000e0000000,0x00000000e0000000,0x00000000e8600000)
  from space 22528K, 20% used [0x00000000ea600000,0x00000000eaa884e0,0x00000000ebc00000)
  to   space 27648K, 0% used [0x00000000e8600000,0x00000000e8600000,0x00000000ea100000)
 ParOldGen       total 132608K, used 48532K [0x00000000a0000000, 0x00000000a8180000, 0x00000000e0000000)
  object space 132608K, 36% used [0x00000000a0000000,0x00000000a2f653b0,0x00000000a8180000)
 Metaspace       used 58139K, capacity 60674K, committed 60888K, reserved 1101824K
  class space    used 7847K, capacity 8366K, committed 8408K, reserved 1048576K
}
Event: 2072.197 GC heap before
{Heap before GC invocations=22 (full 3):
 PSYoungGen      total 159744K, used 141857K [0x00000000e0000000, 0x00000000ebc00000, 0x0000000100000000)
  eden space 137216K, 100% used [0x00000000e0000000,0x00000000e8600000,0x00000000e8600000)
  from space 22528K, 20% used [0x00000000ea600000,0x00000000eaa884e0,0x00000000ebc00000)
  to   space 27648K, 0% used [0x00000000e8600000,0x00000000e8600000,0x00000000ea100000)
 ParOldGen       total 132608K, used 48532K [0x00000000a0000000, 0x00000000a8180000, 0x00000000e0000000)
  object space 132608K, 36% used [0x00000000a0000000,0x00000000a2f653b0,0x00000000a8180000)
 Metaspace       used 64180K, capacity 66924K, committed 67288K, reserved 1107968K
  class space    used 8535K, capacity 9067K, committed 9176K, reserved 1048576K
Event: 2072.218 GC heap after
Heap after GC invocations=22 (full 3):
 PSYoungGen      total 164864K, used 9979K [0x00000000e0000000, 0x00000000ed000000, 0x0000000100000000)
  eden space 137216K, 0% used [0x00000000e0000000,0x00000000e0000000,0x00000000e8600000)
  from space 27648K, 36% used [0x00000000e8600000,0x00000000e8fbec60,0x00000000ea100000)
  to   space 26112K, 0% used [0x00000000eb680000,0x00000000eb680000,0x00000000ed000000)
 ParOldGen       total 132608K, used 48540K [0x00000000a0000000, 0x00000000a8180000, 0x00000000e0000000)
  object space 132608K, 36% used [0x00000000a0000000,0x00000000a2f673b0,0x00000000a8180000)
 Metaspace       used 64180K, capacity 66924K, committed 67288K, reserved 1107968K
  class space    used 8535K, capacity 9067K, committed 9176K, reserved 1048576K
}
Event: 2088.831 GC heap before
{Heap before GC invocations=23 (full 3):
 PSYoungGen      total 164864K, used 147195K [0x00000000e0000000, 0x00000000ed000000, 0x0000000100000000)
  eden space 137216K, 100% used [0x00000000e0000000,0x00000000e8600000,0x00000000e8600000)
  from space 27648K, 36% used [0x00000000e8600000,0x00000000e8fbec60,0x00000000ea100000)
  to   space 26112K, 0% used [0x00000000eb680000,0x00000000eb680000,0x00000000ed000000)
 ParOldGen       total 132608K, used 48540K [0x00000000a0000000, 0x00000000a8180000, 0x00000000e0000000)
  object space 132608K, 36% used [0x00000000a0000000,0x00000000a2f673b0,0x00000000a8180000)
 Metaspace       used 69235K, capacity 72076K, committed 72152K, reserved 1112064K
  class space    used 9070K, capacity 9623K, committed 9688K, reserved 1048576K
Event: 2088.850 GC heap after
Heap after GC invocations=23 (full 3):
 PSYoungGen      total 150528K, used 17011K [0x00000000e0000000, 0x00000000ec780000, 0x0000000100000000)
  eden space 133120K, 0% used [0x00000000e0000000,0x00000000e0000000,0x00000000e8200000)
  from space 17408K, 97% used [0x00000000eb680000,0x00000000ec71ce68,0x00000000ec780000)
  to   space 27136K, 0% used [0x00000000e9280000,0x00000000e9280000,0x00000000ead00000)
 ParOldGen       total 132608K, used 48548K [0x00000000a0000000, 0x00000000a8180000, 0x00000000e0000000)
  object space 132608K, 36% used [0x00000000a0000000,0x00000000a2f693b0,0x00000000a8180000)
 Metaspace       used 69235K, capacity 72076K, committed 72152K, reserved 1112064K
  class space    used 9070K, capacity 9623K, committed 9688K, reserved 1048576K
}

