# JRE version: Java(TM) SE Runtime Environment (8.0_121-b13) (build 1.8.0_121-b13)
# Java VM: Java HotSpot(TM) 64-Bit Server VM (25.121-b13 mixed mode windows-amd64 compressed oops)
Heap:
 PSYoungGen      total 445952K, used 173072K [0x00000000e0000000, 0x0000000100000000, 0x0000000100000000)
  eden space 371200K, 34% used [0x00000000e0000000,0x00000000e7e83d28,0x00000000f6a80000)
  from space 74752K, 58% used [0x00000000f6a80000,0x00000000f95004b8,0x00000000fb380000)
  to   space 74240K, 0% used [0x00000000fb780000,0x00000000fb780000,0x0000000100000000)
 ParOldGen       total 222720K, used 157874K [0x00000000a0000000, 0x00000000ad980000, 0x00000000e0000000)
  object space 222720K, 70% used [0x00000000a0000000,0x00000000a9a2ca20,0x00000000ad980000)
 Metaspace       used 76472K, capacity 79280K, committed 79448K, reserved 1118208K
  class space    used 9974K, capacity 10519K, committed 10584K, reserved 1048576K
GC Heap History (10 events):
Event: 531.912 GC heap before
{Heap before GC invocations=36 (full 5):
 PSYoungGen      total 442880K, used 398281K [0x00000000e0000000, 0x00000000ffb80000, 0x0000000100000000)
  eden space 366080K, 100% used [0x00000000e0000000,0x00000000f6580000,0x00000000f6580000)
  from space 76800K, 41% used [0x00000000fb080000,0x00000000fcff2618,0x00000000ffb80000)
  to   space 76800K, 0% used [0x00000000f6580000,0x00000000f6580000,0x00000000fb080000)
 ParOldGen       total 222720K, used 123622K [0x00000000a0000000, 0x00000000ad980000, 0x00000000e0000000)
  object space 222720K, 55% used [0x00000000a0000000,0x00000000a78b99a8,0x00000000ad980000)
 Metaspace       used 75608K, capacity 77942K, committed 78040K, reserved 1116160K
  class space    used 9906K, capacity 10384K, committed 10456K, reserved 1048576K
Event: 531.980 GC heap after
Heap after GC invocations=36 (full 5):
 PSYoungGen      total 442880K, used 53266K [0x00000000e0000000, 0x0000000100000000, 0x0000000100000000)
  eden space 366080K, 0% used [0x00000000e0000000,0x00000000e0000000,0x00000000f6580000)
  from space 76800K, 69% used [0x00000000f6580000,0x00000000f9984898,0x00000000fb080000)
  to   space 79872K, 0% used [0x00000000fb200000,0x00000000fb200000,0x0000000100000000)
 ParOldGen       total 222720K, used 134890K [0x00000000a0000000, 0x00000000ad980000, 0x00000000e0000000)
  object space 222720K, 60% used [0x00000000a0000000,0x00000000a83ba9f0,0x00000000ad980000)
 Metaspace       used 75608K, capacity 77942K, committed 78040K, reserved 1116160K
  class space    used 9906K, capacity 10384K, committed 10456K, reserved 1048576K
}
Event: 610.152 GC heap before
{Heap before GC invocations=37 (full 5):
 PSYoungGen      total 442880K, used 419346K [0x00000000e0000000, 0x0000000100000000, 0x0000000100000000)
  eden space 366080K, 100% used [0x00000000e0000000,0x00000000f6580000,0x00000000f6580000)
  from space 76800K, 69% used [0x00000000f6580000,0x00000000f9984898,0x00000000fb080000)
  to   space 79872K, 0% used [0x00000000fb200000,0x00000000fb200000,0x0000000100000000)
 ParOldGen       total 222720K, used 134890K [0x00000000a0000000, 0x00000000ad980000, 0x00000000e0000000)
  object space 222720K, 60% used [0x00000000a0000000,0x00000000a83ba9f0,0x00000000ad980000)
 Metaspace       used 75893K, capacity 78356K, committed 78552K, reserved 1118208K
  class space    used 9933K, capacity 10423K, committed 10456K, reserved 1048576K
Event: 610.224 GC heap after
Heap after GC invocations=37 (full 5):
 PSYoungGen      total 443392K, used 28467K [0x00000000e0000000, 0x00000000ffc00000, 0x0000000100000000)
  eden space 367616K, 0% used [0x00000000e0000000,0x00000000e0000000,0x00000000f6700000)
  from space 75776K, 37% used [0x00000000fb200000,0x00000000fcdccd40,0x00000000ffc00000)
  to   space 76288K, 0% used [0x00000000f6700000,0x00000000f6700000,0x00000000fb180000)
 ParOldGen       total 222720K, used 151602K [0x00000000a0000000, 0x00000000ad980000, 0x00000000e0000000)
  object space 222720K, 68% used [0x00000000a0000000,0x00000000a940ca50,0x00000000ad980000)
 Metaspace       used 75893K, capacity 78356K, committed 78552K, reserved 1118208K
  class space    used 9933K, capacity 10423K, committed 10456K, reserved 1048576K
}
Event: 612.159 GC heap before
{Heap before GC invocations=38 (full 5):
 PSYoungGen      total 443392K, used 396083K [0x00000000e0000000, 0x00000000ffc00000, 0x0000000100000000)
  eden space 367616K, 100% used [0x00000000e0000000,0x00000000f6700000,0x00000000f6700000)
  from space 75776K, 37% used [0x00000000fb200000,0x00000000fcdccd40,0x00000000ffc00000)
  to   space 76288K, 0% used [0x00000000f6700000,0x00000000f6700000,0x00000000fb180000)
 ParOldGen       total 222720K, used 151602K [0x00000000a0000000, 0x00000000ad980000, 0x00000000e0000000)
  object space 222720K, 68% used [0x00000000a0000000,0x00000000a940ca50,0x00000000ad980000)
 Metaspace       used 76229K, capacity 78956K, committed 79192K, reserved 1118208K
  class space    used 9963K, capacity 10507K, committed 10584K, reserved 1048576K
Event: 612.212 GC heap after
Heap after GC invocations=38 (full 5):
 PSYoungGen      total 443904K, used 47272K [0x00000000e0000000, 0x0000000100000000, 0x0000000100000000)
  eden space 367616K, 0% used [0x00000000e0000000,0x00000000e0000000,0x00000000f6700000)
  from space 76288K, 61% used [0x00000000f6700000,0x00000000f952a168,0x00000000fb180000)
  to   space 76800K, 0% used [0x00000000fb500000,0x00000000fb500000,0x0000000100000000)
 ParOldGen       total 222720K, used 157138K [0x00000000a0000000, 0x00000000ad980000, 0x00000000e0000000)
  object space 222720K, 70% used [0x00000000a0000000,0x00000000a9974b90,0x00000000ad980000)
 Metaspace       used 76229K, capacity 78956K, committed 79192K, reserved 1118208K
  class space    used 9963K, capacity 10507K, committed 10584K, reserved 1048576K
}
Event: 691.018 GC heap before
{Heap before GC invocations=39 (full 5):
 PSYoungGen      total 443904K, used 414888K [0x00000000e0000000, 0x0000000100000000, 0x0000000100000000)
  eden space 367616K, 100% used [0x00000000e0000000,0x00000000f6700000,0x00000000f6700000)
  from space 76288K, 61% used [0x00000000f6700000,0x00000000f952a168,0x00000000fb180000)
  to   space 76800K, 0% used [0x00000000fb500000,0x00000000fb500000,0x0000000100000000)
 ParOldGen       total 222720K, used 157138K [0x00000000a0000000, 0x00000000ad980000, 0x00000000e0000000)
  object space 222720K, 70% used [0x00000000a0000000,0x00000000a9974b90,0x00000000ad980000)
 Metaspace       used 76335K, capacity 79144K, committed 79448K, reserved 1118208K
  class space    used 9974K, capacity 10519K, committed 10584K, reserved 1048576K
Event: 691.044 GC heap after
Heap after GC invocations=39 (full 5):
 PSYoungGen      total 444416K, used 25301K [0x00000000e0000000, 0x00000000ffc80000, 0x0000000100000000)
  eden space 371200K, 0% used [0x00000000e0000000,0x00000000e0000000,0x00000000f6a80000)
  from space 73216K, 34% used [0x00000000fb500000,0x00000000fcdb5730,0x00000000ffc80000)
  to   space 74752K, 0% used [0x00000000f6a80000,0x00000000f6a80000,0x00000000fb380000)
 ParOldGen       total 222720K, used 157866K [0x00000000a0000000, 0x00000000ad980000, 0x00000000e0000000)
  object space 222720K, 70% used [0x00000000a0000000,0x00000000a9a2aa20,0x00000000ad980000)
 Metaspace       used 76335K, capacity 79144K, committed 79448K, reserved 1118208K
  class space    used 9974K, capacity 10519K, committed 10584K, reserved 1048576K
}
Event: 696.949 GC heap before
{Heap before GC invocations=40 (full 5):
 PSYoungGen      total 444416K, used 396501K [0x00000000e0000000, 0x00000000ffc80000, 0x0000000100000000)
  eden space 371200K, 100% used [0x00000000e0000000,0x00000000f6a80000,0x00000000f6a80000)
  from space 73216K, 34% used [0x00000000fb500000,0x00000000fcdb5730,0x00000000ffc80000)
  to   space 74752K, 0% used [0x00000000f6a80000,0x00000000f6a80000,0x00000000fb380000)
 ParOldGen       total 222720K, used 157866K [0x00000000a0000000, 0x00000000ad980000, 0x00000000e0000000)
  object space 222720K, 70% used [0x00000000a0000000,0x00000000a9a2aa20,0x00000000ad980000)
 Metaspace       used 76472K, capacity 79280K, committed 79448K, reserved 1118208K
  class space    used 9974K, capacity 10519K, committed 10584K, reserved 1048576K
Event: 696.988 GC heap after
Heap after GC invocations=40 (full 5):
 PSYoungGen      total 445952K, used 43521K [0x00000000e0000000, 0x0000000100000000, 0x0000000100000000)
  eden space 371200K, 0% used [0x00000000e0000000,0x00000000e0000000,0x00000000f6a80000)
  from space 74752K, 58% used [0x00000000f6a80000,0x00000000f95004b8,0x00000000fb380000)
  to   space 74240K, 0% used [0x00000000fb780000,0x00000000fb780000,0x0000000100000000)
 ParOldGen       total 222720K, used 157874K [0x00000000a0000000, 0x00000000ad980000, 0x00000000e0000000)
  object space 222720K, 70% used [0x00000000a0000000,0x00000000a9a2ca20,0x00000000ad980000)
 Metaspace       used 76472K, capacity 79280K, committed 79448K, reserved 1118208K
  class space    used 9974K, capacity 10519K, committed 10584K, reserved 1048576K
}

